\BOOKMARK [0][-]{chapter.1}{Introduction}{}% 1
\BOOKMARK [1][-]{section.1.1}{Abstract}{chapter.1}% 2
\BOOKMARK [1][-]{section.1.2}{Pocket Tanks}{chapter.1}% 3
\BOOKMARK [1][-]{section.1.3}{Developement Strategy}{chapter.1}% 4
\BOOKMARK [1][-]{section.1.4}{Prerequisite}{chapter.1}% 5
\BOOKMARK [0][-]{chapter.2}{Phase-1:Offline Game}{}% 6
\BOOKMARK [1][-]{section.2.1}{Overview}{chapter.2}% 7
\BOOKMARK [1][-]{section.2.2}{Application of AngularJS and CreateJS}{chapter.2}% 8
\BOOKMARK [2][-]{subsection.2.2.1}{Weapons}{section.2.2}% 9
\BOOKMARK [2][-]{subsection.2.2.2}{Tanks}{section.2.2}% 10
\BOOKMARK [2][-]{subsection.2.2.3}{Terrain}{section.2.2}% 11
\BOOKMARK [2][-]{subsection.2.2.4}{User Score and Tanks Attribute}{section.2.2}% 12
\BOOKMARK [2][-]{subsection.2.2.5}{Play Mode}{section.2.2}% 13
\BOOKMARK [1][-]{section.2.3}{Single Player Mode}{chapter.2}% 14
\BOOKMARK [1][-]{section.2.4}{Dual Player Mode}{chapter.2}% 15
\BOOKMARK [1][-]{section.2.5}{Local Server Mode}{chapter.2}% 16
\BOOKMARK [0][-]{chapter.3}{Phase-2:Server Side}{}% 17
\BOOKMARK [1][-]{section.3.1}{Overview}{chapter.3}% 18
\BOOKMARK [1][-]{section.3.2}{Firebase}{chapter.3}% 19
\BOOKMARK [1][-]{section.3.3}{Application of NodeJS}{chapter.3}% 20
\BOOKMARK [1][-]{section.3.4}{Transmission Control Protocol}{chapter.3}% 21
\BOOKMARK [1][-]{section.3.5}{Risk Analysis}{chapter.3}% 22
\BOOKMARK [0][-]{chapter.4}{Phase-3:Chat System}{}% 23
\BOOKMARK [1][-]{section.4.1}{Text Chat}{chapter.4}% 24
\BOOKMARK [1][-]{section.4.2}{Video Chat}{chapter.4}% 25
\BOOKMARK [0][-]{chapter.5}{Refrences}{}% 26
