\BOOKMARK [0][-]{chapter.1}{Introduction}{}% 1
\BOOKMARK [1][-]{section.1.1}{Scope}{chapter.1}% 2
\BOOKMARK [1][-]{section.1.2}{Purpose}{chapter.1}% 3
\BOOKMARK [1][-]{section.1.3}{Document Convention}{chapter.1}% 4
\BOOKMARK [1][-]{section.1.4}{Intended Audience and Reading Suggestions}{chapter.1}% 5
\BOOKMARK [1][-]{section.1.5}{Project Goal}{chapter.1}% 6
\BOOKMARK [1][-]{section.1.6}{References}{chapter.1}% 7
\BOOKMARK [0][-]{chapter.2}{Overall Description}{}% 8
\BOOKMARK [1][-]{section.2.1}{Product Perspective}{chapter.2}% 9
\BOOKMARK [1][-]{section.2.2}{Product Functions}{chapter.2}% 10
\BOOKMARK [2][-]{subsection.2.2.1}{Gamemod selection and login}{section.2.2}% 11
\BOOKMARK [2][-]{subsection.2.2.2}{Weapon Selection}{section.2.2}% 12
\BOOKMARK [2][-]{subsection.2.2.3}{Gameplay}{section.2.2}% 13
\BOOKMARK [2][-]{subsection.2.2.4}{Winning}{section.2.2}% 14
\BOOKMARK [2][-]{subsection.2.2.5}{Additional Features}{section.2.2}% 15
\BOOKMARK [1][-]{section.2.3}{User Classes and Characteristics}{chapter.2}% 16
\BOOKMARK [1][-]{section.2.4}{Operating Environment}{chapter.2}% 17
\BOOKMARK [1][-]{section.2.5}{Design and Implementation Constraints}{chapter.2}% 18
\BOOKMARK [1][-]{section.2.6}{User Documentation}{chapter.2}% 19
\BOOKMARK [1][-]{section.2.7}{Assumptions and Dependencies}{chapter.2}% 20
